# JRE version: Java(TM) SE Runtime Environment (8.0_60-b27) (build 1.8.0_60-b27)
# Java VM: Java HotSpot(TM) 64-Bit Server VM (25.60-b23 mixed mode windows-amd64 compressed oops)
Heap:
 PSYoungGen      total 232960K, used 30822K [0x00000000eab00000, 0x0000000100000000, 0x0000000100000000)
  eden space 116736K, 2% used [0x00000000eab00000,0x00000000eae2e400,0x00000000f1d00000)
  from space 116224K, 23% used [0x00000000f1d00000,0x00000000f37eb638,0x00000000f8e80000)
  to   space 116224K, 0% used [0x00000000f8e80000,0x00000000f8e80000,0x0000000100000000)
 ParOldGen       total 697344K, used 481232K [0x00000000c0000000, 0x00000000ea900000, 0x00000000eab00000)
  object space 697344K, 69% used [0x00000000c0000000,0x00000000dd5f43c0,0x00000000ea900000)
 Metaspace       used 6744K, capacity 7384K, committed 7680K, reserved 1056768K
  class space    used 631K, capacity 656K, committed 768K, reserved 1048576K
GC Heap History (10 events):
Event: 23.242 GC heap before
{Heap before GC invocations=27 (full 3):
 PSYoungGen      total 151552K, used 151328K [0x00000000eab00000, 0x00000000ff580000, 0x0000000100000000)
  eden space 116736K, 100% used [0x00000000eab00000,0x00000000f1d00000,0x00000000f1d00000)
  from space 34816K, 99% used [0x00000000f1d00000,0x00000000f3ec81e0,0x00000000f3f00000)
  to   space 108544K, 0% used [0x00000000f8b80000,0x00000000f8b80000,0x00000000ff580000)
 ParOldGen       total 481280K, used 414688K [0x00000000c0000000, 0x00000000dd600000, 0x00000000eab00000)
  object space 481280K, 86% used [0x00000000c0000000,0x00000000d94f83a8,0x00000000dd600000)
 Metaspace       used 6615K, capacity 7320K, committed 7680K, reserved 1056768K
  class space    used 626K, capacity 656K, committed 768K, reserved 1048576K
Event: 23.370 GC heap after
Heap after GC invocations=27 (full 3):
 PSYoungGen      total 231936K, used 53172K [0x00000000eab00000, 0x00000000fff80000, 0x0000000100000000)
  eden space 123392K, 0% used [0x00000000eab00000,0x00000000eab00000,0x00000000f2380000)
  from space 108544K, 48% used [0x00000000f8b80000,0x00000000fbf6d0a0,0x00000000ff580000)
  to   space 106496K, 0% used [0x00000000f2380000,0x00000000f2380000,0x00000000f8b80000)
 ParOldGen       total 481280K, used 414688K [0x00000000c0000000, 0x00000000dd600000, 0x00000000eab00000)
  object space 481280K, 86% used [0x00000000c0000000,0x00000000d94f83a8,0x00000000dd600000)
 Metaspace       used 6615K, capacity 7320K, committed 7680K, reserved 1056768K
  class space    used 626K, capacity 656K, committed 768K, reserved 1048576K
}
Event: 23.721 GC heap before
{Heap before GC invocations=28 (full 3):
 PSYoungGen      total 231936K, used 176564K [0x00000000eab00000, 0x00000000fff80000, 0x0000000100000000)
  eden space 123392K, 100% used [0x00000000eab00000,0x00000000f2380000,0x00000000f2380000)
  from space 108544K, 48% used [0x00000000f8b80000,0x00000000fbf6d0a0,0x00000000ff580000)
  to   space 106496K, 0% used [0x00000000f2380000,0x00000000f2380000,0x00000000f8b80000)
 ParOldGen       total 481280K, used 414688K [0x00000000c0000000, 0x00000000dd600000, 0x00000000eab00000)
  object space 481280K, 86% used [0x00000000c0000000,0x00000000d94f83a8,0x00000000dd600000)
 Metaspace       used 6615K, capacity 7320K, committed 7680K, reserved 1056768K
  class space    used 626K, capacity 656K, committed 768K, reserved 1048576K
Event: 23.816 GC heap after
Heap after GC invocations=28 (full 3):
 PSYoungGen      total 229888K, used 71384K [0x00000000eab00000, 0x0000000100000000, 0x0000000100000000)
  eden space 123392K, 0% used [0x00000000eab00000,0x00000000eab00000,0x00000000f2380000)
  from space 106496K, 67% used [0x00000000f2380000,0x00000000f6936380,0x00000000f8b80000)
  to   space 111104K, 0% used [0x00000000f9380000,0x00000000f9380000,0x0000000100000000)
 ParOldGen       total 481280K, used 414696K [0x00000000c0000000, 0x00000000dd600000, 0x00000000eab00000)
  object space 481280K, 86% used [0x00000000c0000000,0x00000000d94fa3a8,0x00000000dd600000)
 Metaspace       used 6615K, capacity 7320K, committed 7680K, reserved 1056768K
  class space    used 626K, capacity 656K, committed 768K, reserved 1048576K
}
Event: 24.146 GC heap before
{Heap before GC invocations=29 (full 3):
 PSYoungGen      total 229888K, used 194776K [0x00000000eab00000, 0x0000000100000000, 0x0000000100000000)
  eden space 123392K, 100% used [0x00000000eab00000,0x00000000f2380000,0x00000000f2380000)
  from space 106496K, 67% used [0x00000000f2380000,0x00000000f6936380,0x00000000f8b80000)
  to   space 111104K, 0% used [0x00000000f9380000,0x00000000f9380000,0x0000000100000000)
 ParOldGen       total 481280K, used 414696K [0x00000000c0000000, 0x00000000dd600000, 0x00000000eab00000)
  object space 481280K, 86% used [0x00000000c0000000,0x00000000d94fa3a8,0x00000000dd600000)
 Metaspace       used 6615K, capacity 7320K, committed 7680K, reserved 1056768K
  class space    used 626K, capacity 656K, committed 768K, reserved 1048576K
Event: 24.272 GC heap after
Heap after GC invocations=29 (full 3):
 PSYoungGen      total 227840K, used 87147K [0x00000000eab00000, 0x0000000100000000, 0x0000000100000000)
  eden space 116736K, 0% used [0x00000000eab00000,0x00000000eab00000,0x00000000f1d00000)
  from space 111104K, 78% used [0x00000000f9380000,0x00000000fe89ad18,0x0000000100000000)
  to   space 116224K, 0% used [0x00000000f1d00000,0x00000000f1d00000,0x00000000f8e80000)
 ParOldGen       total 481280K, used 414696K [0x00000000c0000000, 0x00000000dd600000, 0x00000000eab00000)
  object space 481280K, 86% used [0x00000000c0000000,0x00000000d94fa3a8,0x00000000dd600000)
 Metaspace       used 6615K, capacity 7320K, committed 7680K, reserved 1056768K
  class space    used 626K, capacity 656K, committed 768K, reserved 1048576K
}
Event: 26.399 GC heap before
{Heap before GC invocations=30 (full 3):
 PSYoungGen      total 227840K, used 203883K [0x00000000eab00000, 0x0000000100000000, 0x0000000100000000)
  eden space 116736K, 100% used [0x00000000eab00000,0x00000000f1d00000,0x00000000f1d00000)
  from space 111104K, 78% used [0x00000000f9380000,0x00000000fe89ad18,0x0000000100000000)
  to   space 116224K, 0% used [0x00000000f1d00000,0x00000000f1d00000,0x00000000f8e80000)
 ParOldGen       total 481280K, used 414696K [0x00000000c0000000, 0x00000000dd600000, 0x00000000eab00000)
  object space 481280K, 86% used [0x00000000c0000000,0x00000000d94fa3a8,0x00000000dd600000)
 Metaspace       used 6737K, capacity 7384K, committed 7680K, reserved 1056768K
  class space    used 631K, capacity 656K, committed 768K, reserved 1048576K
Event: 26.717 GC heap after
Heap after GC invocations=30 (full 3):
 PSYoungGen      total 232960K, used 73422K [0x00000000eab00000, 0x0000000100000000, 0x0000000100000000)
  eden space 116736K, 0% used [0x00000000eab00000,0x00000000eab00000,0x00000000f1d00000)
  from space 116224K, 63% used [0x00000000f1d00000,0x00000000f64b3870,0x00000000f8e80000)
  to   space 116224K, 0% used [0x00000000f8e80000,0x00000000f8e80000,0x0000000100000000)
 ParOldGen       total 481280K, used 447799K [0x00000000c0000000, 0x00000000dd600000, 0x00000000eab00000)
  object space 481280K, 93% used [0x00000000c0000000,0x00000000db54def8,0x00000000dd600000)
 Metaspace       used 6737K, capacity 7384K, committed 7680K, reserved 1056768K
  class space    used 631K, capacity 656K, committed 768K, reserved 1048576K
}
Event: 26.717 GC heap before
{Heap before GC invocations=31 (full 4):
 PSYoungGen      total 232960K, used 73422K [0x00000000eab00000, 0x0000000100000000, 0x0000000100000000)
  eden space 116736K, 0% used [0x00000000eab00000,0x00000000eab00000,0x00000000f1d00000)
  from space 116224K, 63% used [0x00000000f1d00000,0x00000000f64b3870,0x00000000f8e80000)
  to   space 116224K, 0% used [0x00000000f8e80000,0x00000000f8e80000,0x0000000100000000)
 ParOldGen       total 481280K, used 447799K [0x00000000c0000000, 0x00000000dd600000, 0x00000000eab00000)
  object space 481280K, 93% used [0x00000000c0000000,0x00000000db54def8,0x00000000dd600000)
 Metaspace       used 6737K, capacity 7384K, committed 7680K, reserved 1056768K
  class space    used 631K, capacity 656K, committed 768K, reserved 1048576K
Event: 31.210 GC heap after
Heap after GC invocations=31 (full 4):
 PSYoungGen      total 232960K, used 27565K [0x00000000eab00000, 0x0000000100000000, 0x0000000100000000)
  eden space 116736K, 0% used [0x00000000eab00000,0x00000000eab00000,0x00000000f1d00000)
  from space 116224K, 23% used [0x00000000f1d00000,0x00000000f37eb638,0x00000000f8e80000)
  to   space 116224K, 0% used [0x00000000f8e80000,0x00000000f8e80000,0x0000000100000000)
 ParOldGen       total 697344K, used 481232K [0x00000000c0000000, 0x00000000ea900000, 0x00000000eab00000)
  object space 697344K, 69% used [0x00000000c0000000,0x00000000dd5f43c0,0x00000000ea900000)
 Metaspace       used 6737K, capacity 7384K, committed 7680K, reserved 1056768K
  class space    used 631K, capacity 656K, committed 768K, reserved 1048576K
}

