# JRE version: Java(TM) SE Runtime Environment (8.0_60-b27) (build 1.8.0_60-b27)
# Java VM: Java HotSpot(TM) 64-Bit Server VM (25.60-b23 mixed mode windows-amd64 compressed oops)
Heap:
 PSYoungGen      total 209408K, used 75897K [0x00000000eab00000, 0x00000000fce80000, 0x0000000100000000)
  eden space 138240K, 20% used [0x00000000eab00000,0x00000000ec60d870,0x00000000f3200000)
  from space 71168K, 67% used [0x00000000f3200000,0x00000000f6110d60,0x00000000f7780000)
  to   space 74240K, 0% used [0x00000000f8600000,0x00000000f8600000,0x00000000fce80000)
 ParOldGen       total 699392K, used 230815K [0x00000000c0000000, 0x00000000eab00000, 0x00000000eab00000)
  object space 699392K, 33% used [0x00000000c0000000,0x00000000ce167e50,0x00000000eab00000)
 Metaspace       used 6605K, capacity 7320K, committed 7680K, reserved 1056768K
  class space    used 625K, capacity 656K, committed 768K, reserved 1048576K
GC Heap History (10 events):
Event: 38.745 GC heap before
{Heap before GC invocations=33 (full 24):
 PSYoungGen      total 145920K, used 128507K [0x00000000eab00000, 0x00000000f4d00000, 0x0000000100000000)
  eden space 128512K, 99% used [0x00000000eab00000,0x00000000f287ef40,0x00000000f2880000)
  from space 17408K, 0% used [0x00000000f2880000,0x00000000f2880000,0x00000000f3980000)
  to   space 14848K, 0% used [0x00000000f3980000,0x00000000f3980000,0x00000000f4800000)
 ParOldGen       total 86016K, used 85661K [0x00000000c0000000, 0x00000000c5400000, 0x00000000eab00000)
  object space 86016K, 99% used [0x00000000c0000000,0x00000000c53a7520,0x00000000c5400000)
 Metaspace       used 6589K, capacity 7320K, committed 7680K, reserved 1056768K
  class space    used 625K, capacity 656K, committed 768K, reserved 1048576K
Event: 39.648 GC heap after
Heap after GC invocations=33 (full 24):
 PSYoungGen      total 145920K, used 125145K [0x00000000eab00000, 0x00000000f4d00000, 0x0000000100000000)
  eden space 128512K, 97% used [0x00000000eab00000,0x00000000f2536718,0x00000000f2880000)
  from space 17408K, 0% used [0x00000000f2880000,0x00000000f2880000,0x00000000f3980000)
  to   space 14848K, 0% used [0x00000000f3980000,0x00000000f3980000,0x00000000f4800000)
 ParOldGen       total 699392K, used 85661K [0x00000000c0000000, 0x00000000eab00000, 0x00000000eab00000)
  object space 699392K, 12% used [0x00000000c0000000,0x00000000c53a7520,0x00000000eab00000)
 Metaspace       used 6589K, capacity 7320K, committed 7680K, reserved 1056768K
  class space    used 625K, capacity 656K, committed 768K, reserved 1048576K
}
Event: 39.721 GC heap before
{Heap before GC invocations=34 (full 24):
 PSYoungGen      total 145920K, used 128512K [0x00000000eab00000, 0x00000000f4d00000, 0x0000000100000000)
  eden space 128512K, 100% used [0x00000000eab00000,0x00000000f2880000,0x00000000f2880000)
  from space 17408K, 0% used [0x00000000f2880000,0x00000000f2880000,0x00000000f3980000)
  to   space 14848K, 0% used [0x00000000f3980000,0x00000000f3980000,0x00000000f4800000)
 ParOldGen       total 699392K, used 85661K [0x00000000c0000000, 0x00000000eab00000, 0x00000000eab00000)
  object space 699392K, 12% used [0x00000000c0000000,0x00000000c53a7520,0x00000000eab00000)
 Metaspace       used 6589K, capacity 7320K, committed 7680K, reserved 1056768K
  class space    used 625K, capacity 656K, committed 768K, reserved 1048576K
Event: 40.225 GC heap after
Heap after GC invocations=34 (full 24):
 PSYoungGen      total 143360K, used 14842K [0x00000000eab00000, 0x00000000f4d00000, 0x0000000100000000)
  eden space 128512K, 0% used [0x00000000eab00000,0x00000000eab00000,0x00000000f2880000)
  from space 14848K, 99% used [0x00000000f3980000,0x00000000f47fe9e8,0x00000000f4800000)
  to   space 17408K, 0% used [0x00000000f2880000,0x00000000f2880000,0x00000000f3980000)
 ParOldGen       total 699392K, used 197669K [0x00000000c0000000, 0x00000000eab00000, 0x00000000eab00000)
  object space 699392K, 28% used [0x00000000c0000000,0x00000000cc109548,0x00000000eab00000)
 Metaspace       used 6589K, capacity 7320K, committed 7680K, reserved 1056768K
  class space    used 625K, capacity 656K, committed 768K, reserved 1048576K
}
Event: 41.156 GC heap before
{Heap before GC invocations=35 (full 24):
 PSYoungGen      total 143360K, used 143354K [0x00000000eab00000, 0x00000000f4d00000, 0x0000000100000000)
  eden space 128512K, 100% used [0x00000000eab00000,0x00000000f2880000,0x00000000f2880000)
  from space 14848K, 99% used [0x00000000f3980000,0x00000000f47fe9e8,0x00000000f4800000)
  to   space 17408K, 0% used [0x00000000f2880000,0x00000000f2880000,0x00000000f3980000)
 ParOldGen       total 699392K, used 197669K [0x00000000c0000000, 0x00000000eab00000, 0x00000000eab00000)
  object space 699392K, 28% used [0x00000000c0000000,0x00000000cc109548,0x00000000eab00000)
 Metaspace       used 6591K, capacity 7320K, committed 7680K, reserved 1056768K
  class space    used 625K, capacity 656K, committed 768K, reserved 1048576K
Event: 41.324 GC heap after
Heap after GC invocations=35 (full 24):
 PSYoungGen      total 145920K, used 17405K [0x00000000eab00000, 0x00000000fc400000, 0x0000000100000000)
  eden space 128512K, 0% used [0x00000000eab00000,0x00000000eab00000,0x00000000f2880000)
  from space 17408K, 99% used [0x00000000f2880000,0x00000000f397f728,0x00000000f3980000)
  to   space 75776K, 0% used [0x00000000f7a00000,0x00000000f7a00000,0x00000000fc400000)
 ParOldGen       total 699392K, used 217249K [0x00000000c0000000, 0x00000000eab00000, 0x00000000eab00000)
  object space 699392K, 31% used [0x00000000c0000000,0x00000000cd4284e8,0x00000000eab00000)
 Metaspace       used 6591K, capacity 7320K, committed 7680K, reserved 1056768K
  class space    used 625K, capacity 656K, committed 768K, reserved 1048576K
}
Event: 41.745 GC heap before
{Heap before GC invocations=36 (full 24):
 PSYoungGen      total 145920K, used 145917K [0x00000000eab00000, 0x00000000fc400000, 0x0000000100000000)
  eden space 128512K, 100% used [0x00000000eab00000,0x00000000f2880000,0x00000000f2880000)
  from space 17408K, 99% used [0x00000000f2880000,0x00000000f397f728,0x00000000f3980000)
  to   space 75776K, 0% used [0x00000000f7a00000,0x00000000f7a00000,0x00000000fc400000)
 ParOldGen       total 699392K, used 217249K [0x00000000c0000000, 0x00000000eab00000, 0x00000000eab00000)
  object space 699392K, 31% used [0x00000000c0000000,0x00000000cd4284e8,0x00000000eab00000)
 Metaspace       used 6604K, capacity 7320K, committed 7680K, reserved 1056768K
  class space    used 625K, capacity 656K, committed 768K, reserved 1048576K
Event: 41.852 GC heap after
Heap after GC invocations=36 (full 24):
 PSYoungGen      total 206848K, used 26135K [0x00000000eab00000, 0x00000000fbd00000, 0x0000000100000000)
  eden space 138240K, 0% used [0x00000000eab00000,0x00000000eab00000,0x00000000f3200000)
  from space 68608K, 38% used [0x00000000f7a00000,0x00000000f9385e68,0x00000000fbd00000)
  to   space 71168K, 0% used [0x00000000f3200000,0x00000000f3200000,0x00000000f7780000)
 ParOldGen       total 699392K, used 230815K [0x00000000c0000000, 0x00000000eab00000, 0x00000000eab00000)
  object space 699392K, 33% used [0x00000000c0000000,0x00000000ce167e50,0x00000000eab00000)
 Metaspace       used 6604K, capacity 7320K, committed 7680K, reserved 1056768K
  class space    used 625K, capacity 656K, committed 768K, reserved 1048576K
}
Event: 42.351 GC heap before
{Heap before GC invocations=37 (full 24):
 PSYoungGen      total 206848K, used 164375K [0x00000000eab00000, 0x00000000fbd00000, 0x0000000100000000)
  eden space 138240K, 100% used [0x00000000eab00000,0x00000000f3200000,0x00000000f3200000)
  from space 68608K, 38% used [0x00000000f7a00000,0x00000000f9385e68,0x00000000fbd00000)
  to   space 71168K, 0% used [0x00000000f3200000,0x00000000f3200000,0x00000000f7780000)
 ParOldGen       total 699392K, used 230815K [0x00000000c0000000, 0x00000000eab00000, 0x00000000eab00000)
  object space 699392K, 33% used [0x00000000c0000000,0x00000000ce167e50,0x00000000eab00000)
 Metaspace       used 6605K, capacity 7320K, committed 7680K, reserved 1056768K
  class space    used 625K, capacity 656K, committed 768K, reserved 1048576K
Event: 42.460 GC heap after
Heap after GC invocations=37 (full 24):
 PSYoungGen      total 209408K, used 48195K [0x00000000eab00000, 0x00000000fce80000, 0x0000000100000000)
  eden space 138240K, 0% used [0x00000000eab00000,0x00000000eab00000,0x00000000f3200000)
  from space 71168K, 67% used [0x00000000f3200000,0x00000000f6110d60,0x00000000f7780000)
  to   space 74240K, 0% used [0x00000000f8600000,0x00000000f8600000,0x00000000fce80000)
 ParOldGen       total 699392K, used 230815K [0x00000000c0000000, 0x00000000eab00000, 0x00000000eab00000)
  object space 699392K, 33% used [0x00000000c0000000,0x00000000ce167e50,0x00000000eab00000)
 Metaspace       used 6605K, capacity 7320K, committed 7680K, reserved 1056768K
  class space    used 625K, capacity 656K, committed 768K, reserved 1048576K
}

