# JRE version: Java(TM) SE Runtime Environment (8.0_60-b27) (build 1.8.0_60-b27)
# Java VM: Java HotSpot(TM) 64-Bit Server VM (25.60-b23 mixed mode windows-amd64 compressed oops)
Heap:
 PSYoungGen      total 275456K, used 144557K [0x0000000780000000, 0x000000079ac80000, 0x00000007c0000000)
  eden space 207872K, 38% used [0x0000000780000000,0x0000000784d33e98,0x000000078cb00000)
  from space 67584K, 96% used [0x000000078cb00000,0x0000000790af7818,0x0000000790d00000)
  to   space 78336K, 0% used [0x0000000796000000,0x0000000796000000,0x000000079ac80000)
 ParOldGen       total 186368K, used 104125K [0x0000000700000000, 0x000000070b600000, 0x0000000780000000)
  object space 186368K, 55% used [0x0000000700000000,0x00000007065af4a0,0x000000070b600000)
 Metaspace       used 32617K, capacity 33046K, committed 33456K, reserved 1079296K
  class space    used 4103K, capacity 4241K, committed 4272K, reserved 1048576K
GC Heap History (10 events):
Event: 22.138 GC heap before
{Heap before GC invocations=14 (full 2):
 PSYoungGen      total 154624K, used 121440K [0x0000000780000000, 0x000000078e800000, 0x00000007c0000000)
  eden space 121344K, 100% used [0x0000000780000000,0x0000000787680000,0x0000000787680000)
  from space 33280K, 0% used [0x0000000787680000,0x0000000787698000,0x0000000789700000)
  to   space 34304K, 0% used [0x000000078c680000,0x000000078c680000,0x000000078e800000)
 ParOldGen       total 105472K, used 53084K [0x0000000700000000, 0x0000000706700000, 0x0000000780000000)
  object space 105472K, 50% used [0x0000000700000000,0x00000007033d7210,0x0000000706700000)
 Metaspace       used 32166K, capacity 32598K, committed 32944K, reserved 1077248K
  class space    used 4054K, capacity 4177K, committed 4272K, reserved 1048576K
Event: 22.293 GC heap after
Heap after GC invocations=14 (full 2):
 PSYoungGen      total 195584K, used 34296K [0x0000000780000000, 0x000000078fc00000, 0x00000007c0000000)
  eden space 161280K, 0% used [0x0000000780000000,0x0000000780000000,0x0000000789d80000)
  from space 34304K, 99% used [0x000000078c680000,0x000000078e7fe338,0x000000078e800000)
  to   space 41984K, 0% used [0x0000000789d80000,0x0000000789d80000,0x000000078c680000)
 ParOldGen       total 105472K, used 58933K [0x0000000700000000, 0x0000000706700000, 0x0000000780000000)
  object space 105472K, 55% used [0x0000000700000000,0x000000070398d600,0x0000000706700000)
 Metaspace       used 32166K, capacity 32598K, committed 32944K, reserved 1077248K
  class space    used 4054K, capacity 4177K, committed 4272K, reserved 1048576K
}
Event: 24.712 GC heap before
{Heap before GC invocations=15 (full 2):
 PSYoungGen      total 195584K, used 195576K [0x0000000780000000, 0x000000078fc00000, 0x00000007c0000000)
  eden space 161280K, 100% used [0x0000000780000000,0x0000000789d80000,0x0000000789d80000)
  from space 34304K, 99% used [0x000000078c680000,0x000000078e7fe338,0x000000078e800000)
  to   space 41984K, 0% used [0x0000000789d80000,0x0000000789d80000,0x000000078c680000)
 ParOldGen       total 105472K, used 58935K [0x0000000700000000, 0x0000000706700000, 0x0000000780000000)
  object space 105472K, 55% used [0x0000000700000000,0x000000070398dd40,0x0000000706700000)
 Metaspace       used 32323K, capacity 32790K, committed 33200K, reserved 1079296K
  class space    used 4064K, capacity 4177K, committed 4272K, reserved 1048576K
Event: 24.824 GC heap after
Heap after GC invocations=15 (full 2):
 PSYoungGen      total 203264K, used 35106K [0x0000000780000000, 0x0000000793a80000, 0x00000007c0000000)
  eden space 161280K, 0% used [0x0000000780000000,0x0000000780000000,0x0000000789d80000)
  from space 41984K, 83% used [0x0000000789d80000,0x000000078bfc8888,0x000000078c680000)
  to   space 46592K, 0% used [0x0000000790d00000,0x0000000790d00000,0x0000000793a80000)
 ParOldGen       total 105472K, used 79813K [0x0000000700000000, 0x0000000706700000, 0x0000000780000000)
  object space 105472K, 75% used [0x0000000700000000,0x0000000704df14a0,0x0000000706700000)
 Metaspace       used 32323K, capacity 32790K, committed 33200K, reserved 1079296K
  class space    used 4064K, capacity 4177K, committed 4272K, reserved 1048576K
}
Event: 25.963 GC heap before
{Heap before GC invocations=16 (full 2):
 PSYoungGen      total 203264K, used 196386K [0x0000000780000000, 0x0000000793a80000, 0x00000007c0000000)
  eden space 161280K, 100% used [0x0000000780000000,0x0000000789d80000,0x0000000789d80000)
  from space 41984K, 83% used [0x0000000789d80000,0x000000078bfc8888,0x000000078c680000)
  to   space 46592K, 0% used [0x0000000790d00000,0x0000000790d00000,0x0000000793a80000)
 ParOldGen       total 105472K, used 79813K [0x0000000700000000, 0x0000000706700000, 0x0000000780000000)
  object space 105472K, 75% used [0x0000000700000000,0x0000000704df14a0,0x0000000706700000)
 Metaspace       used 32333K, capacity 32790K, committed 33200K, reserved 1079296K
  class space    used 4065K, capacity 4177K, committed 4272K, reserved 1048576K
Event: 26.202 GC heap after
Heap after GC invocations=16 (full 2):
 PSYoungGen      total 254464K, used 46561K [0x0000000780000000, 0x0000000796b00000, 0x00000007c0000000)
  eden space 207872K, 0% used [0x0000000780000000,0x0000000780000000,0x000000078cb00000)
  from space 46592K, 99% used [0x0000000790d00000,0x0000000793a78400,0x0000000793a80000)
  to   space 67584K, 0% used [0x000000078cb00000,0x000000078cb00000,0x0000000790d00000)
 ParOldGen       total 116224K, used 115982K [0x0000000700000000, 0x0000000707180000, 0x0000000780000000)
  object space 116224K, 99% used [0x0000000700000000,0x00000007071438a8,0x0000000707180000)
 Metaspace       used 32333K, capacity 32790K, committed 33200K, reserved 1079296K
  class space    used 4065K, capacity 4177K, committed 4272K, reserved 1048576K
}
Event: 26.202 GC heap before
{Heap before GC invocations=17 (full 3):
 PSYoungGen      total 254464K, used 46561K [0x0000000780000000, 0x0000000796b00000, 0x00000007c0000000)
  eden space 207872K, 0% used [0x0000000780000000,0x0000000780000000,0x000000078cb00000)
  from space 46592K, 99% used [0x0000000790d00000,0x0000000793a78400,0x0000000793a80000)
  to   space 67584K, 0% used [0x000000078cb00000,0x000000078cb00000,0x0000000790d00000)
 ParOldGen       total 116224K, used 115982K [0x0000000700000000, 0x0000000707180000, 0x0000000780000000)
  object space 116224K, 99% used [0x0000000700000000,0x00000007071438a8,0x0000000707180000)
 Metaspace       used 32333K, capacity 32790K, committed 33200K, reserved 1079296K
  class space    used 4065K, capacity 4177K, committed 4272K, reserved 1048576K
Event: 26.904 GC heap after
Heap after GC invocations=17 (full 3):
 PSYoungGen      total 254464K, used 0K [0x0000000780000000, 0x0000000796b00000, 0x00000007c0000000)
  eden space 207872K, 0% used [0x0000000780000000,0x0000000780000000,0x000000078cb00000)
  from space 46592K, 0% used [0x0000000790d00000,0x0000000790d00000,0x0000000793a80000)
  to   space 67584K, 0% used [0x000000078cb00000,0x000000078cb00000,0x0000000790d00000)
 ParOldGen       total 186368K, used 104117K [0x0000000700000000, 0x000000070b600000, 0x0000000780000000)
  object space 186368K, 55% used [0x0000000700000000,0x00000007065ad4a0,0x000000070b600000)
 Metaspace       used 32333K, capacity 32790K, committed 33200K, reserved 1079296K
  class space    used 4065K, capacity 4177K, committed 4272K, reserved 1048576K
}
Event: 28.390 GC heap before
{Heap before GC invocations=18 (full 3):
 PSYoungGen      total 254464K, used 207872K [0x0000000780000000, 0x0000000796b00000, 0x00000007c0000000)
  eden space 207872K, 100% used [0x0000000780000000,0x000000078cb00000,0x000000078cb00000)
  from space 46592K, 0% used [0x0000000790d00000,0x0000000790d00000,0x0000000793a80000)
  to   space 67584K, 0% used [0x000000078cb00000,0x000000078cb00000,0x0000000790d00000)
 ParOldGen       total 186368K, used 104117K [0x0000000700000000, 0x000000070b600000, 0x0000000780000000)
  object space 186368K, 55% used [0x0000000700000000,0x00000007065ad4a0,0x000000070b600000)
 Metaspace       used 32598K, capacity 33046K, committed 33456K, reserved 1079296K
  class space    used 4103K, capacity 4241K, committed 4272K, reserved 1048576K
Event: 28.538 GC heap after
Heap after GC invocations=18 (full 3):
 PSYoungGen      total 275456K, used 65502K [0x0000000780000000, 0x000000079ac80000, 0x00000007c0000000)
  eden space 207872K, 0% used [0x0000000780000000,0x0000000780000000,0x000000078cb00000)
  from space 67584K, 96% used [0x000000078cb00000,0x0000000790af7818,0x0000000790d00000)
  to   space 78336K, 0% used [0x0000000796000000,0x0000000796000000,0x000000079ac80000)
 ParOldGen       total 186368K, used 104125K [0x0000000700000000, 0x000000070b600000, 0x0000000780000000)
  object space 186368K, 55% used [0x0000000700000000,0x00000007065af4a0,0x000000070b600000)
 Metaspace       used 32598K, capacity 33046K, committed 33456K, reserved 1079296K
  class space    used 4103K, capacity 4241K, committed 4272K, reserved 1048576K
}

